2025-05-19 10:59:30,847 ERROR Internal Server Error: / %(pathname)s (<class 'django.urls.exceptions.NoReverseMatch'>, NoReverseMatch("Reverse for 'set_language' not found. 'set_language' is not a valid view function or pattern name."), <traceback object at 0x0000025CB2B77B00>)
Traceback (most recent call last):
  File "S:\STUDY\PycharmProjects\Django-projects\venv\Lib\site-packages\django\core\handlers\exception.py", line 55, in inner
    response = get_response(request)
  File "S:\STUDY\PycharmProjects\Django-projects\venv\Lib\site-packages\django\core\handlers\base.py", line 220, in _get_response
    response = response.render()
  File "S:\STUDY\PycharmProjects\Django-projects\venv\Lib\site-packages\django\template\response.py", line 114, in render
    self.content = self.rendered_content
                   ^^^^^^^^^^^^^^^^^^^^^
  File "S:\STUDY\PycharmProjects\Django-projects\venv\Lib\site-packages\django\template\response.py", line 92, in rendered_content
    return template.render(context, self._request)
           ~~~~~~~~~~~~~~~^^^^^^^^^^^^^^^^^^^^^^^^
  File "S:\STUDY\PycharmProjects\Django-projects\venv\Lib\site-packages\django\template\backends\django.py", line 107, in render
    return self.template.render(context)
           ~~~~~~~~~~~~~~~~~~~~^^^^^^^^^
  File "S:\STUDY\PycharmProjects\Django-projects\venv\Lib\site-packages\django\template\base.py", line 171, in render
    return self._render(context)
           ~~~~~~~~~~~~^^^^^^^^^
  File "S:\STUDY\PycharmProjects\Django-projects\venv\Lib\site-packages\django\template\base.py", line 163, in _render
    return self.nodelist.render(context)
           ~~~~~~~~~~~~~~~~~~~~^^^^^^^^^
  File "S:\STUDY\PycharmProjects\Django-projects\venv\Lib\site-packages\django\template\base.py", line 1008, in render
    return SafeString("".join([node.render_annotated(context) for node in self]))
                               ~~~~~~~~~~~~~~~~~~~~~^^^^^^^^^
  File "S:\STUDY\PycharmProjects\Django-projects\venv\Lib\site-packages\django\template\base.py", line 969, in render_annotated
    return self.render(context)
           ~~~~~~~~~~~^^^^^^^^^
  File "S:\STUDY\PycharmProjects\Django-projects\venv\Lib\site-packages\django\template\loader_tags.py", line 159, in render
    return compiled_parent._render(context)
           ~~~~~~~~~~~~~~~~~~~~~~~^^^^^^^^^
  File "S:\STUDY\PycharmProjects\Django-projects\venv\Lib\site-packages\django\template\base.py", line 163, in _render
    return self.nodelist.render(context)
           ~~~~~~~~~~~~~~~~~~~~^^^^^^^^^
  File "S:\STUDY\PycharmProjects\Django-projects\venv\Lib\site-packages\django\template\base.py", line 1008, in render
    return SafeString("".join([node.render_annotated(context) for node in self]))
                               ~~~~~~~~~~~~~~~~~~~~~^^^^^^^^^
  File "S:\STUDY\PycharmProjects\Django-projects\venv\Lib\site-packages\django\template\base.py", line 969, in render_annotated
    return self.render(context)
           ~~~~~~~~~~~^^^^^^^^^
  File "S:\STUDY\PycharmProjects\Django-projects\venv\Lib\site-packages\django\template\defaulttags.py", line 480, in render
    url = reverse(view_name, args=args, kwargs=kwargs, current_app=current_app)
  File "S:\STUDY\PycharmProjects\Django-projects\venv\Lib\site-packages\django\urls\base.py", line 88, in reverse
    return resolver._reverse_with_prefix(view, prefix, *args, **kwargs)
           ~~~~~~~~~~~~~~~~~~~~~~~~~~~~~^^^^^^^^^^^^^^^^^^^^^^^^^^^^^^^
  File "S:\STUDY\PycharmProjects\Django-projects\venv\Lib\site-packages\django\urls\resolvers.py", line 831, in _reverse_with_prefix
    raise NoReverseMatch(msg)
django.urls.exceptions.NoReverseMatch: Reverse for 'set_language' not found. 'set_language' is not a valid view function or pattern name.
2025-05-19 10:59:30,866 ERROR "GET / HTTP/1.1" 500 137687 %(pathname)s None
2025-05-20 16:07:56,020 ERROR Internal Server Error: /news/ %(pathname)s (<class 'NameError'>, NameError("name 'redirect' is not defined"), <traceback object at 0x0000029DDE3882C0>)
Traceback (most recent call last):
  File "S:\STUDY\PycharmProjects\Django-projects\venv\Lib\site-packages\django\core\handlers\exception.py", line 55, in inner
    response = get_response(request)
  File "S:\STUDY\PycharmProjects\Django-projects\venv\Lib\site-packages\django\core\handlers\base.py", line 197, in _get_response
    response = wrapped_callback(request, *callback_args, **callback_kwargs)
  File "S:\STUDY\PycharmProjects\Django-projects\venv\Lib\site-packages\django\utils\decorators.py", line 188, in _view_wrapper
    result = _process_exception(request, e)
  File "S:\STUDY\PycharmProjects\Django-projects\venv\Lib\site-packages\django\utils\decorators.py", line 186, in _view_wrapper
    response = view_func(request, *args, **kwargs)
  File "S:\STUDY\PycharmProjects\Django-projects\venv\Lib\site-packages\django\views\generic\base.py", line 104, in view
    return self.dispatch(request, *args, **kwargs)
           ~~~~~~~~~~~~~^^^^^^^^^^^^^^^^^^^^^^^^^^
  File "S:\STUDY\PycharmProjects\Django-projects\venv\Lib\site-packages\django\views\generic\base.py", line 143, in dispatch
    return handler(request, *args, **kwargs)
  File "S:\STUDY\PycharmProjects\Django-projects\NewsPaper\posts\views.py", line 40, in post
    return redirect('/')
           ^^^^^^^^
NameError: name 'redirect' is not defined
2025-05-20 16:07:56,027 ERROR "POST /news/ HTTP/1.1" 500 91376 %(pathname)s None
2025-05-20 16:25:02,193 ERROR Internal Server Error: /news/ %(pathname)s (<class 'django.template.base.VariableDoesNotExist'>, VariableDoesNotExist('Failed lookup for key [%s] in %r', ('TIME_ZONE', [{'True': True, 'False': False, 'None': None}, {}, {}, {'paginator': <django.core.paginator.Paginator object at 0x000001B83D9AA270>, 'page_obj': <Page 1 of 7>, 'is_paginated': True, 'object_list': <MultilingualQuerySet [<Post: Checking date warning
 Warning in console:
RuntimeWarning: DateTimeField Post.date received a naive datetime (2025-04-27 00:00:00) while time zone support is active.>, <Post: For Redis
 To prevent Redis database deletion.>, <Post: Celery final test
 Module 23 final>, <Post: Ещё тест отправки
 Лето, самая желанная пора, пора отпусков и летних каникул, пикников и невероятных путешествий. Летняя природа просто божественна, душа ликует от невероятных ярких цветов и бескрайних радужных полей. Теплое солнце согревает своими лучами. Повсюду чувствуется дыхание жизни. Морские пейзажи, чистый воздух, журчание ручейков, не оставляют равнодушными ни один человеческий организм. Закаты и рассветы сражают наповал своими невообразимыми красками и несказанной красотой. Свежие фрукты, овощи и ягоды насыщают организм витаминами.

Осень, не каждый любит эту пору, но для художников, поэтов и фотографов она имеет большую ценность. Опавшие листья ложатся на землю красивым ковром, яркость и разнообразие красок которого поражает. Прохлада, запах дождя и грибов, грозовые тучи, тревожные крики птиц будоражат человеческое сознание. Природа живописна, иногда ее красоту просто невозможно описать словами. Каждый уголок природы таит в себе волшебное и таинственное чувство. Берегите природу, заботьтесь о ней, она восторгает души и делает людей счастливыми.>, <Post: ЛЕСНАЯ ГОСТЬЯ
 Из всех весенних цветов, скромно распускающихся в холодном лесу, я, сама не зная почему, больше всего люблю медуницу. Она не похожа на остальные первоцветы. Сравните хоть с подснежником, хоть с кандыком. С толстой мясистой ножкой, за которую не страшно взяться (точно цветок не сломаешь). Я редко рву первые весенние цветы, только когда их неисчислимо много, и они, безбрежно радуя глаз, так и просятся в пышный букетик.
     Медуницы часто растут кустиком. Несколько цветочков словно в одной горсти. Вот я и присаживаюсь перед ними и нежно обнимаю руками и наклоняю голову, чтобы вдохнуть невесомый весенний аромат. Но аромата у них нет. Может быть, только я их так воспринимаю? Для меня они пахнут землёй, беззащитной ещё, голой, освобождающейся от зимнего колдовства. Запах с примесью талого снега и свободы незримых ростков. В этих цветах – пробуждение не только природы, всего сущего, они для меня – символ нерушимости, неистребимости жизни, вселенского колдовства животворящей Земли. Их мизерные цветочки, то синенькие, то сиреневые, как посланцы из будущих летних садов. За что я люблю их? За первую теплоту? И откуда они знают об этом?
     Почему я спрашиваю? Да потому что одна такая красавица каким-то чудом выросла на моей даче. Да ещё где! Среди брошенных кирпичей, на неухоженном месте (ох как трудно везде успеть!) Крупные кирпичи, которые мешали, я, конечно же, убрала, и на следующий год медуниц было уже несколько, а на третий год они слились в роскошный букет. Он особенно трогательно смотрелся среди мелких кирпичных осколков. В этом году рядом и березка выскочила, ну чем она хуже. Теперь я понимаю, этот клочок земли будет моим маленьким островком леса. Не зря же он столько лет пустует. Земля пустоты не терпит. Коли в свободную землю семечко упадёт, прорастёт обязательно. Мне самой интересно, каких смельчаков ещё в гости ждать? Да и вопрос, кто из нас гость – я или они? Или все мы на Земле нашей гости?>, <Post: Уряяяяя!!!!!
 Письмо пришло!!!!! Письмо пришло!!!!! Письмо пришло!!!!! Письмо пришло!!!!! Письмо пришло!!!!! Письмо пришло!!!!! Письмо пришло!!!!! Письмо пришло!!!!! Письмо пришло!!!!! Письмо пришло!!!!! Письмо пришло!!!!! Письмо пришло!!!!! Письмо пришло!!!!! Письмо пришло!!!!! Письмо пришло!!!!! Письмо пришло!!!!! Письмо пришло!!!!! Письмо пришло!!!!!>, <Post: Природа - она такая.
 Природа - она такая.Природа - она такая.Природа - она такая.Природа - она такая.Природа - она такая.Природа - она такая.Природа - она такая.Природа - она такая.Природа - она такая.Природа - она такая.>, <Post: Природа - она такая.
 Природа - она такая.Природа - она такая.Природа - она такая.Природа - она такая.Природа - она такая.Природа - она такая.Природа - она такая.Природа - она такая.Природа - она такая.Природа - она такая.>, <Post: Природа - она такая.
 Природа - она такая.Природа - она такая.Природа - она такая.Природа - она такая.Природа - она такая.Природа - она такая.Природа - она такая.Природа - она такая.Природа - она такая.Природа - она такая.>, <Post: Природа - она такая.
 Природа - она такая.Природа - она такая.Природа - она такая.Природа - она такая.Природа - она такая.Природа - она такая.Природа - она такая.Природа - она такая.Природа - она такая.Природа - она такая.>]>, 'news': <MultilingualQuerySet [<Post: Checking date warning
 Warning in console:
RuntimeWarning: DateTimeField Post.date received a naive datetime (2025-04-27 00:00:00) while time zone support is active.>, <Post: For Redis
 To prevent Redis database deletion.>, <Post: Celery final test
 Module 23 final>, <Post: Ещё тест отправки
 Лето, самая желанная пора, пора отпусков и летних каникул, пикников и невероятных путешествий. Летняя природа просто божественна, душа ликует от невероятных ярких цветов и бескрайних радужных полей. Теплое солнце согревает своими лучами. Повсюду чувствуется дыхание жизни. Морские пейзажи, чистый воздух, журчание ручейков, не оставляют равнодушными ни один человеческий организм. Закаты и рассветы сражают наповал своими невообразимыми красками и несказанной красотой. Свежие фрукты, овощи и ягоды насыщают организм витаминами.

Осень, не каждый любит эту пору, но для художников, поэтов и фотографов она имеет большую ценность. Опавшие листья ложатся на землю красивым ковром, яркость и разнообразие красок которого поражает. Прохлада, запах дождя и грибов, грозовые тучи, тревожные крики птиц будоражат человеческое сознание. Природа живописна, иногда ее красоту просто невозможно описать словами. Каждый уголок природы таит в себе волшебное и таинственное чувство. Берегите природу, заботьтесь о ней, она восторгает души и делает людей счастливыми.>, <Post: ЛЕСНАЯ ГОСТЬЯ
 Из всех весенних цветов, скромно распускающихся в холодном лесу, я, сама не зная почему, больше всего люблю медуницу. Она не похожа на остальные первоцветы. Сравните хоть с подснежником, хоть с кандыком. С толстой мясистой ножкой, за которую не страшно взяться (точно цветок не сломаешь). Я редко рву первые весенние цветы, только когда их неисчислимо много, и они, безбрежно радуя глаз, так и просятся в пышный букетик.
     Медуницы часто растут кустиком. Несколько цветочков словно в одной горсти. Вот я и присаживаюсь перед ними и нежно обнимаю руками и наклоняю голову, чтобы вдохнуть невесомый весенний аромат. Но аромата у них нет. Может быть, только я их так воспринимаю? Для меня они пахнут землёй, беззащитной ещё, голой, освобождающейся от зимнего колдовства. Запах с примесью талого снега и свободы незримых ростков. В этих цветах – пробуждение не только природы, всего сущего, они для меня – символ нерушимости, неистребимости жизни, вселенского колдовства животворящей Земли. Их мизерные цветочки, то синенькие, то сиреневые, как посланцы из будущих летних садов. За что я люблю их? За первую теплоту? И откуда они знают об этом?
     Почему я спрашиваю? Да потому что одна такая красавица каким-то чудом выросла на моей даче. Да ещё где! Среди брошенных кирпичей, на неухоженном месте (ох как трудно везде успеть!) Крупные кирпичи, которые мешали, я, конечно же, убрала, и на следующий год медуниц было уже несколько, а на третий год они слились в роскошный букет. Он особенно трогательно смотрелся среди мелких кирпичных осколков. В этом году рядом и березка выскочила, ну чем она хуже. Теперь я понимаю, этот клочок земли будет моим маленьким островком леса. Не зря же он столько лет пустует. Земля пустоты не терпит. Коли в свободную землю семечко упадёт, прорастёт обязательно. Мне самой интересно, каких смельчаков ещё в гости ждать? Да и вопрос, кто из нас гость – я или они? Или все мы на Земле нашей гости?>, <Post: Уряяяяя!!!!!
 Письмо пришло!!!!! Письмо пришло!!!!! Письмо пришло!!!!! Письмо пришло!!!!! Письмо пришло!!!!! Письмо пришло!!!!! Письмо пришло!!!!! Письмо пришло!!!!! Письмо пришло!!!!! Письмо пришло!!!!! Письмо пришло!!!!! Письмо пришло!!!!! Письмо пришло!!!!! Письмо пришло!!!!! Письмо пришло!!!!! Письмо пришло!!!!! Письмо пришло!!!!! Письмо пришло!!!!!>, <Post: Природа - она такая.
 Природа - она такая.Природа - она такая.Природа - она такая.Природа - она такая.Природа - она такая.Природа - она такая.Природа - она такая.Природа - она такая.Природа - она такая.Природа - она такая.>, <Post: Природа - она такая.
 Природа - она такая.Природа - она такая.Природа - она такая.Природа - она такая.Природа - она такая.Природа - она такая.Природа - она такая.Природа - она такая.Природа - она такая.Природа - она такая.>, <Post: Природа - она такая.
 Природа - она такая.Природа - она такая.Природа - она такая.Природа - она такая.Природа - она такая.Природа - она такая.Природа - она такая.Природа - она такая.Природа - она такая.Природа - она такая.>, <Post: Природа - она такая.
 Природа - она такая.Природа - она такая.Природа - она такая.Природа - она такая.Природа - она такая.Природа - она такая.Природа - она такая.Природа - она такая.Природа - она такая.Природа - она такая.>]>, 'view': <posts.views.PostsList object at 0x000001B83D9AA3C0>, 'timezones': ['Africa/Abidjan', 'Africa/Accra', 'Africa/Addis_Ababa', 'Africa/Algiers', 'Africa/Asmara', 'Africa/Bamako', 'Africa/Bangui', 'Africa/Banjul', 'Africa/Bissau', 'Africa/Blantyre', 'Africa/Brazzaville', 'Africa/Bujumbura', 'Africa/Cairo', 'Africa/Casablanca', 'Africa/Ceuta', 'Africa/Conakry', 'Africa/Dakar', 'Africa/Dar_es_Salaam', 'Africa/Djibouti', 'Africa/Douala', 'Africa/El_Aaiun', 'Africa/Freetown', 'Africa/Gaborone', 'Africa/Harare', 'Africa/Johannesburg', 'Africa/Juba', 'Africa/Kampala', 'Africa/Khartoum', 'Africa/Kigali', 'Africa/Kinshasa', 'Africa/Lagos', 'Africa/Libreville', 'Africa/Lome', 'Africa/Luanda', 'Africa/Lubumbashi', 'Africa/Lusaka', 'Africa/Malabo', 'Africa/Maputo', 'Africa/Maseru', 'Africa/Mbabane', 'Africa/Mogadishu', 'Africa/Monrovia', 'Africa/Nairobi', 'Africa/Ndjamena', 'Africa/Niamey', 'Africa/Nouakchott', 'Africa/Ouagadougou', 'Africa/Porto-Novo', 'Africa/Sao_Tome', 'Africa/Tripoli', 'Africa/Tunis', 'Africa/Windhoek', 'America/Adak', 'America/Anchorage', 'America/Anguilla', 'America/Antigua', 'America/Araguaina', 'America/Argentina/Buenos_Aires', 'America/Argentina/Catamarca', 'America/Argentina/Cordoba', 'America/Argentina/Jujuy', 'America/Argentina/La_Rioja', 'America/Argentina/Mendoza', 'America/Argentina/Rio_Gallegos', 'America/Argentina/Salta', 'America/Argentina/San_Juan', 'America/Argentina/San_Luis', 'America/Argentina/Tucuman', 'America/Argentina/Ushuaia', 'America/Aruba', 'America/Asuncion', 'America/Atikokan', 'America/Bahia', 'America/Bahia_Banderas', 'America/Barbados', 'America/Belem', 'America/Belize', 'America/Blanc-Sablon', 'America/Boa_Vista', 'America/Bogota', 'America/Boise', 'America/Cambridge_Bay', 'America/Campo_Grande', 'America/Cancun', 'America/Caracas', 'America/Cayenne', 'America/Cayman', 'America/Chicago', 'America/Chihuahua', 'America/Ciudad_Juarez', 'America/Costa_Rica', 'America/Coyhaique', 'America/Creston', 'America/Cuiaba', 'America/Curacao', 'America/Danmarkshavn', 'America/Dawson', 'America/Dawson_Creek', 'America/Denver', 'America/Detroit', 'America/Dominica', 'America/Edmonton', 'America/Eirunepe', 'America/El_Salvador', 'America/Fort_Nelson', 'America/Fortaleza', 'America/Glace_Bay', 'America/Goose_Bay', 'America/Grand_Turk', 'America/Grenada', 'America/Guadeloupe', 'America/Guatemala', 'America/Guayaquil', 'America/Guyana', 'America/Halifax', 'America/Havana', 'America/Hermosillo', 'America/Indiana/Indianapolis', 'America/Indiana/Knox', 'America/Indiana/Marengo', 'America/Indiana/Petersburg', 'America/Indiana/Tell_City', 'America/Indiana/Vevay', 'America/Indiana/Vincennes', 'America/Indiana/Winamac', 'America/Inuvik', 'America/Iqaluit', 'America/Jamaica', 'America/Juneau', 'America/Kentucky/Louisville', 'America/Kentucky/Monticello', 'America/Kralendijk', 'America/La_Paz', 'America/Lima', 'America/Los_Angeles', 'America/Lower_Princes', 'America/Maceio', 'America/Managua', 'America/Manaus', 'America/Marigot', 'America/Martinique', 'America/Matamoros', 'America/Mazatlan', 'America/Menominee', 'America/Merida', 'America/Metlakatla', 'America/Mexico_City', 'America/Miquelon', 'America/Moncton', 'America/Monterrey', 'America/Montevideo', 'America/Montserrat', 'America/Nassau', 'America/New_York', 'America/Nome', 'America/Noronha', 'America/North_Dakota/Beulah', 'America/North_Dakota/Center', 'America/North_Dakota/New_Salem', 'America/Nuuk', 'America/Ojinaga', 'America/Panama', 'America/Paramaribo', 'America/Phoenix', 'America/Port-au-Prince', 'America/Port_of_Spain', 'America/Porto_Velho', 'America/Puerto_Rico', 'America/Punta_Arenas', 'America/Rankin_Inlet', 'America/Recife', 'America/Regina', 'America/Resolute', 'America/Rio_Branco', 'America/Santarem', 'America/Santiago', 'America/Santo_Domingo', 'America/Sao_Paulo', 'America/Scoresbysund', 'America/Sitka', 'America/St_Barthelemy', 'America/St_Johns', 'America/St_Kitts', 'America/St_Lucia', 'America/St_Thomas', 'America/St_Vincent', 'America/Swift_Current', 'America/Tegucigalpa', 'America/Thule', 'America/Tijuana', 'America/Toronto', 'America/Tortola', 'America/Vancouver', 'America/Whitehorse', 'America/Winnipeg', 'America/Yakutat', 'Antarctica/Casey', 'Antarctica/Davis', 'Antarctica/DumontDUrville', 'Antarctica/Macquarie', 'Antarctica/Mawson', 'Antarctica/McMurdo', 'Antarctica/Palmer', 'Antarctica/Rothera', 'Antarctica/Syowa', 'Antarctica/Troll', 'Antarctica/Vostok', 'Arctic/Longyearbyen', 'Asia/Aden', 'Asia/Almaty', 'Asia/Amman', 'Asia/Anadyr', 'Asia/Aqtau', 'Asia/Aqtobe', 'Asia/Ashgabat', 'Asia/Atyrau', 'Asia/Baghdad', 'Asia/Bahrain', 'Asia/Baku', 'Asia/Bangkok', 'Asia/Barnaul', 'Asia/Beirut', 'Asia/Bishkek', 'Asia/Brunei', 'Asia/Chita', 'Asia/Colombo', 'Asia/Damascus', 'Asia/Dhaka', 'Asia/Dili', 'Asia/Dubai', 'Asia/Dushanbe', 'Asia/Famagusta', 'Asia/Gaza', 'Asia/Hebron', 'Asia/Ho_Chi_Minh', 'Asia/Hong_Kong', 'Asia/Hovd', 'Asia/Irkutsk', 'Asia/Jakarta', 'Asia/Jayapura', 'Asia/Jerusalem', 'Asia/Kabul', 'Asia/Kamchatka', 'Asia/Karachi', 'Asia/Kathmandu', 'Asia/Khandyga', 'Asia/Kolkata', 'Asia/Krasnoyarsk', 'Asia/Kuala_Lumpur', 'Asia/Kuching', 'Asia/Kuwait', 'Asia/Macau', 'Asia/Magadan', 'Asia/Makassar', 'Asia/Manila', 'Asia/Muscat', 'Asia/Nicosia', 'Asia/Novokuznetsk', 'Asia/Novosibirsk', 'Asia/Omsk', 'Asia/Oral', 'Asia/Phnom_Penh', 'Asia/Pontianak', 'Asia/Pyongyang', 'Asia/Qatar', 'Asia/Qostanay', 'Asia/Qyzylorda', 'Asia/Riyadh', 'Asia/Sakhalin', 'Asia/Samarkand', 'Asia/Seoul', 'Asia/Shanghai', 'Asia/Singapore', 'Asia/Srednekolymsk', 'Asia/Taipei', 'Asia/Tashkent', 'Asia/Tbilisi', 'Asia/Tehran', 'Asia/Thimphu', 'Asia/Tokyo', 'Asia/Tomsk', 'Asia/Ulaanbaatar', 'Asia/Urumqi', 'Asia/Ust-Nera', 'Asia/Vientiane', 'Asia/Vladivostok', 'Asia/Yakutsk', 'Asia/Yangon', 'Asia/Yekaterinburg', 'Asia/Yerevan', 'Atlantic/Azores', 'Atlantic/Bermuda', 'Atlantic/Canary', 'Atlantic/Cape_Verde', 'Atlantic/Faroe', 'Atlantic/Madeira', 'Atlantic/Reykjavik', 'Atlantic/South_Georgia', 'Atlantic/St_Helena', 'Atlantic/Stanley', 'Australia/Adelaide', 'Australia/Brisbane', 'Australia/Broken_Hill', 'Australia/Darwin', 'Australia/Eucla', 'Australia/Hobart', 'Australia/Lindeman', 'Australia/Lord_Howe', 'Australia/Melbourne', 'Australia/Perth', 'Australia/Sydney', 'Canada/Atlantic', 'Canada/Central', 'Canada/Eastern', 'Canada/Mountain', 'Canada/Newfoundland', 'Canada/Pacific', 'Europe/Amsterdam', 'Europe/Andorra', 'Europe/Astrakhan', 'Europe/Athens', 'Europe/Belgrade', 'Europe/Berlin', 'Europe/Bratislava', 'Europe/Brussels', 'Europe/Bucharest', 'Europe/Budapest', 'Europe/Busingen', 'Europe/Chisinau', 'Europe/Copenhagen', 'Europe/Dublin', 'Europe/Gibraltar', 'Europe/Guernsey', 'Europe/Helsinki', 'Europe/Isle_of_Man', 'Europe/Istanbul', 'Europe/Jersey', 'Europe/Kaliningrad', 'Europe/Kirov', 'Europe/Kyiv', 'Europe/Lisbon', 'Europe/Ljubljana', 'Europe/London', 'Europe/Luxembourg', 'Europe/Madrid', 'Europe/Malta', 'Europe/Mariehamn', 'Europe/Minsk', 'Europe/Monaco', 'Europe/Moscow', 'Europe/Oslo', 'Europe/Paris', 'Europe/Podgorica', 'Europe/Prague', 'Europe/Riga', 'Europe/Rome', 'Europe/Samara', 'Europe/San_Marino', 'Europe/Sarajevo', 'Europe/Saratov', 'Europe/Simferopol', 'Europe/Skopje', 'Europe/Sofia', 'Europe/Stockholm', 'Europe/Tallinn', 'Europe/Tirane', 'Europe/Ulyanovsk', 'Europe/Vaduz', 'Europe/Vatican', 'Europe/Vienna', 'Europe/Vilnius', 'Europe/Volgograd', 'Europe/Warsaw', 'Europe/Zagreb', 'Europe/Zurich', 'GMT', 'Indian/Antananarivo', 'Indian/Chagos', 'Indian/Christmas', 'Indian/Cocos', 'Indian/Comoro', 'Indian/Kerguelen', 'Indian/Mahe', 'Indian/Maldives', 'Indian/Mauritius', 'Indian/Mayotte', 'Indian/Reunion', 'Pacific/Apia', 'Pacific/Auckland', 'Pacific/Bougainville', 'Pacific/Chatham', 'Pacific/Chuuk', 'Pacific/Easter', 'Pacific/Efate', 'Pacific/Fakaofo', 'Pacific/Fiji', 'Pacific/Funafuti', 'Pacific/Galapagos', 'Pacific/Gambier', 'Pacific/Guadalcanal', 'Pacific/Guam', 'Pacific/Honolulu', 'Pacific/Kanton', 'Pacific/Kiritimati', 'Pacific/Kosrae', 'Pacific/Kwajalein', 'Pacific/Majuro', 'Pacific/Marquesas', 'Pacific/Midway', 'Pacific/Nauru', 'Pacific/Niue', 'Pacific/Norfolk', 'Pacific/Noumea', 'Pacific/Pago_Pago', 'Pacific/Palau', 'Pacific/Pitcairn', 'Pacific/Pohnpei', 'Pacific/Port_Moresby', 'Pacific/Rarotonga', 'Pacific/Saipan', 'Pacific/Tahiti', 'Pacific/Tarawa', 'Pacific/Tongatapu', 'Pacific/Wake', 'Pacific/Wallis', 'US/Alaska', 'US/Arizona', 'US/Central', 'US/Eastern', 'US/Hawaii', 'US/Mountain', 'US/Pacific', 'UTC']}])), <traceback object at 0x000001B83DF9A200>)
Traceback (most recent call last):
  File "S:\STUDY\PycharmProjects\Django-projects\venv\Lib\site-packages\django\template\base.py", line 883, in _resolve_lookup
    current = current[bit]
              ~~~~~~~^^^^^
  File "S:\STUDY\PycharmProjects\Django-projects\venv\Lib\site-packages\django\template\context.py", line 85, in __getitem__
    raise KeyError(key)
KeyError: 'TIME_ZONE'

During handling of the above exception, another exception occurred:

Traceback (most recent call last):
  File "S:\STUDY\PycharmProjects\Django-projects\venv\Lib\site-packages\django\template\base.py", line 889, in _resolve_lookup
    if isinstance(current, BaseContext) and getattr(
                                            ~~~~~~~^
        type(current), bit
        ^^^^^^^^^^^^^^^^^^
    ):
    ^
AttributeError: type object 'RequestContext' has no attribute 'TIME_ZONE'

During handling of the above exception, another exception occurred:

Traceback (most recent call last):
  File "S:\STUDY\PycharmProjects\Django-projects\venv\Lib\site-packages\django\template\base.py", line 899, in _resolve_lookup
    current = current[int(bit)]
                      ~~~^^^^^
ValueError: invalid literal for int() with base 10: 'TIME_ZONE'

During handling of the above exception, another exception occurred:

Traceback (most recent call last):
  File "S:\STUDY\PycharmProjects\Django-projects\venv\Lib\site-packages\django\core\handlers\exception.py", line 55, in inner
    response = get_response(request)
  File "S:\STUDY\PycharmProjects\Django-projects\venv\Lib\site-packages\django\core\handlers\base.py", line 220, in _get_response
    response = response.render()
  File "S:\STUDY\PycharmProjects\Django-projects\venv\Lib\site-packages\django\template\response.py", line 114, in render
    self.content = self.rendered_content
                   ^^^^^^^^^^^^^^^^^^^^^
  File "S:\STUDY\PycharmProjects\Django-projects\venv\Lib\site-packages\django\template\response.py", line 92, in rendered_content
    return template.render(context, self._request)
           ~~~~~~~~~~~~~~~^^^^^^^^^^^^^^^^^^^^^^^^
  File "S:\STUDY\PycharmProjects\Django-projects\venv\Lib\site-packages\django\template\backends\django.py", line 107, in render
    return self.template.render(context)
           ~~~~~~~~~~~~~~~~~~~~^^^^^^^^^
  File "S:\STUDY\PycharmProjects\Django-projects\venv\Lib\site-packages\django\template\base.py", line 171, in render
    return self._render(context)
           ~~~~~~~~~~~~^^^^^^^^^
  File "S:\STUDY\PycharmProjects\Django-projects\venv\Lib\site-packages\django\template\base.py", line 163, in _render
    return self.nodelist.render(context)
           ~~~~~~~~~~~~~~~~~~~~^^^^^^^^^
  File "S:\STUDY\PycharmProjects\Django-projects\venv\Lib\site-packages\django\template\base.py", line 1008, in render
    return SafeString("".join([node.render_annotated(context) for node in self]))
                               ~~~~~~~~~~~~~~~~~~~~~^^^^^^^^^
  File "S:\STUDY\PycharmProjects\Django-projects\venv\Lib\site-packages\django\template\base.py", line 969, in render_annotated
    return self.render(context)
           ~~~~~~~~~~~^^^^^^^^^
  File "S:\STUDY\PycharmProjects\Django-projects\venv\Lib\site-packages\django\template\loader_tags.py", line 159, in render
    return compiled_parent._render(context)
           ~~~~~~~~~~~~~~~~~~~~~~~^^^^^^^^^
  File "S:\STUDY\PycharmProjects\Django-projects\venv\Lib\site-packages\django\template\base.py", line 163, in _render
    return self.nodelist.render(context)
           ~~~~~~~~~~~~~~~~~~~~^^^^^^^^^
  File "S:\STUDY\PycharmProjects\Django-projects\venv\Lib\site-packages\django\template\base.py", line 1008, in render
    return SafeString("".join([node.render_annotated(context) for node in self]))
                               ~~~~~~~~~~~~~~~~~~~~~^^^^^^^^^
  File "S:\STUDY\PycharmProjects\Django-projects\venv\Lib\site-packages\django\template\base.py", line 969, in render_annotated
    return self.render(context)
           ~~~~~~~~~~~^^^^^^^^^
  File "S:\STUDY\PycharmProjects\Django-projects\venv\Lib\site-packages\django\template\base.py", line 1067, in render
    output = self.filter_expression.resolve(context)
  File "S:\STUDY\PycharmProjects\Django-projects\venv\Lib\site-packages\django\template\base.py", line 739, in resolve
    arg_vals.append(arg.resolve(context))
                    ~~~~~~~~~~~^^^^^^^^^
  File "S:\STUDY\PycharmProjects\Django-projects\venv\Lib\site-packages\django\template\base.py", line 850, in resolve
    value = self._resolve_lookup(context)
  File "S:\STUDY\PycharmProjects\Django-projects\venv\Lib\site-packages\django\template\base.py", line 906, in _resolve_lookup
    raise VariableDoesNotExist(
    ^^^^^^^^^^^^^^^^^^^^^^^^^^^
    ...<2 lines>...
    )  # missing attribute
    ^
django.template.base.VariableDoesNotExist: Failed lookup for key [TIME_ZONE] in [{'True': True, 'False': False, 'None': None}, {}, {}, {'paginator': <django.core.paginator.Paginator object at 0x000001B83D9AA270>, 'page_obj': <Page 1 of 7>, 'is_paginated': True, 'object_list': <MultilingualQuerySet [<Post: Checking date warning
 Warning in console:
RuntimeWarning: DateTimeField Post.date received a naive datetime (2025-04-27 00:00:00) while time zone support is active.>, <Post: For Redis
 To prevent Redis database deletion.>, <Post: Celery final test
 Module 23 final>, <Post: Ещё тест отправки
 Лето, самая желанная пора, пора отпусков и летних каникул, пикников и невероятных путешествий. Летняя природа просто божественна, душа ликует от невероятных ярких цветов и бескрайних радужных полей. Теплое солнце согревает своими лучами. Повсюду чувствуется дыхание жизни. Морские пейзажи, чистый воздух, журчание ручейков, не оставляют равнодушными ни один человеческий организм. Закаты и рассветы сражают наповал своими невообразимыми красками и несказанной красотой. Свежие фрукты, овощи и ягоды насыщают организм витаминами.

Осень, не каждый любит эту пору, но для художников, поэтов и фотографов она имеет большую ценность. Опавшие листья ложатся на землю красивым ковром, яркость и разнообразие красок которого поражает. Прохлада, запах дождя и грибов, грозовые тучи, тревожные крики птиц будоражат человеческое сознание. Природа живописна, иногда ее красоту просто невозможно описать словами. Каждый уголок природы таит в себе волшебное и таинственное чувство. Берегите природу, заботьтесь о ней, она восторгает души и делает людей счастливыми.>, <Post: ЛЕСНАЯ ГОСТЬЯ
 Из всех весенних цветов, скромно распускающихся в холодном лесу, я, сама не зная почему, больше всего люблю медуницу. Она не похожа на остальные первоцветы. Сравните хоть с подснежником, хоть с кандыком. С толстой мясистой ножкой, за которую не страшно взяться (точно цветок не сломаешь). Я редко рву первые весенние цветы, только когда их неисчислимо много, и они, безбрежно радуя глаз, так и просятся в пышный букетик.
     Медуницы часто растут кустиком. Несколько цветочков словно в одной горсти. Вот я и присаживаюсь перед ними и нежно обнимаю руками и наклоняю голову, чтобы вдохнуть невесомый весенний аромат. Но аромата у них нет. Может быть, только я их так воспринимаю? Для меня они пахнут землёй, беззащитной ещё, голой, освобождающейся от зимнего колдовства. Запах с примесью талого снега и свободы незримых ростков. В этих цветах – пробуждение не только природы, всего сущего, они для меня – символ нерушимости, неистребимости жизни, вселенского колдовства животворящей Земли. Их мизерные цветочки, то синенькие, то сиреневые, как посланцы из будущих летних садов. За что я люблю их? За первую теплоту? И откуда они знают об этом?
     Почему я спрашиваю? Да потому что одна такая красавица каким-то чудом выросла на моей даче. Да ещё где! Среди брошенных кирпичей, на неухоженном месте (ох как трудно везде успеть!) Крупные кирпичи, которые мешали, я, конечно же, убрала, и на следующий год медуниц было уже несколько, а на третий год они слились в роскошный букет. Он особенно трогательно смотрелся среди мелких кирпичных осколков. В этом году рядом и березка выскочила, ну чем она хуже. Теперь я понимаю, этот клочок земли будет моим маленьким островком леса. Не зря же он столько лет пустует. Земля пустоты не терпит. Коли в свободную землю семечко упадёт, прорастёт обязательно. Мне самой интересно, каких смельчаков ещё в гости ждать? Да и вопрос, кто из нас гость – я или они? Или все мы на Земле нашей гости?>, <Post: Уряяяяя!!!!!
 Письмо пришло!!!!! Письмо пришло!!!!! Письмо пришло!!!!! Письмо пришло!!!!! Письмо пришло!!!!! Письмо пришло!!!!! Письмо пришло!!!!! Письмо пришло!!!!! Письмо пришло!!!!! Письмо пришло!!!!! Письмо пришло!!!!! Письмо пришло!!!!! Письмо пришло!!!!! Письмо пришло!!!!! Письмо пришло!!!!! Письмо пришло!!!!! Письмо пришло!!!!! Письмо пришло!!!!!>, <Post: Природа - она такая.
 Природа - она такая.Природа - она такая.Природа - она такая.Природа - она такая.Природа - она такая.Природа - она такая.Природа - она такая.Природа - она такая.Природа - она такая.Природа - она такая.>, <Post: Природа - она такая.
 Природа - она такая.Природа - она такая.Природа - она такая.Природа - она такая.Природа - она такая.Природа - она такая.Природа - она такая.Природа - она такая.Природа - она такая.Природа - она такая.>, <Post: Природа - она такая.
 Природа - она такая.Природа - она такая.Природа - она такая.Природа - она такая.Природа - она такая.Природа - она такая.Природа - она такая.Природа - она такая.Природа - она такая.Природа - она такая.>, <Post: Природа - она такая.
 Природа - она такая.Природа - она такая.Природа - она такая.Природа - она такая.Природа - она такая.Природа - она такая.Природа - она такая.Природа - она такая.Природа - она такая.Природа - она такая.>]>, 'news': <MultilingualQuerySet [<Post: Checking date warning
 Warning in console:
RuntimeWarning: DateTimeField Post.date received a naive datetime (2025-04-27 00:00:00) while time zone support is active.>, <Post: For Redis
 To prevent Redis database deletion.>, <Post: Celery final test
 Module 23 final>, <Post: Ещё тест отправки
 Лето, самая желанная пора, пора отпусков и летних каникул, пикников и невероятных путешествий. Летняя природа просто божественна, душа ликует от невероятных ярких цветов и бескрайних радужных полей. Теплое солнце согревает своими лучами. Повсюду чувствуется дыхание жизни. Морские пейзажи, чистый воздух, журчание ручейков, не оставляют равнодушными ни один человеческий организм. Закаты и рассветы сражают наповал своими невообразимыми красками и несказанной красотой. Свежие фрукты, овощи и ягоды насыщают организм витаминами.

Осень, не каждый любит эту пору, но для художников, поэтов и фотографов она имеет большую ценность. Опавшие листья ложатся на землю красивым ковром, яркость и разнообразие красок которого поражает. Прохлада, запах дождя и грибов, грозовые тучи, тревожные крики птиц будоражат человеческое сознание. Природа живописна, иногда ее красоту просто невозможно описать словами. Каждый уголок природы таит в себе волшебное и таинственное чувство. Берегите природу, заботьтесь о ней, она восторгает души и делает людей счастливыми.>, <Post: ЛЕСНАЯ ГОСТЬЯ
 Из всех весенних цветов, скромно распускающихся в холодном лесу, я, сама не зная почему, больше всего люблю медуницу. Она не похожа на остальные первоцветы. Сравните хоть с подснежником, хоть с кандыком. С толстой мясистой ножкой, за которую не страшно взяться (точно цветок не сломаешь). Я редко рву первые весенние цветы, только когда их неисчислимо много, и они, безбрежно радуя глаз, так и просятся в пышный букетик.
     Медуницы часто растут кустиком. Несколько цветочков словно в одной горсти. Вот я и присаживаюсь перед ними и нежно обнимаю руками и наклоняю голову, чтобы вдохнуть невесомый весенний аромат. Но аромата у них нет. Может быть, только я их так воспринимаю? Для меня они пахнут землёй, беззащитной ещё, голой, освобождающейся от зимнего колдовства. Запах с примесью талого снега и свободы незримых ростков. В этих цветах – пробуждение не только природы, всего сущего, они для меня – символ нерушимости, неистребимости жизни, вселенского колдовства животворящей Земли. Их мизерные цветочки, то синенькие, то сиреневые, как посланцы из будущих летних садов. За что я люблю их? За первую теплоту? И откуда они знают об этом?
     Почему я спрашиваю? Да потому что одна такая красавица каким-то чудом выросла на моей даче. Да ещё где! Среди брошенных кирпичей, на неухоженном месте (ох как трудно везде успеть!) Крупные кирпичи, которые мешали, я, конечно же, убрала, и на следующий год медуниц было уже несколько, а на третий год они слились в роскошный букет. Он особенно трогательно смотрелся среди мелких кирпичных осколков. В этом году рядом и березка выскочила, ну чем она хуже. Теперь я понимаю, этот клочок земли будет моим маленьким островком леса. Не зря же он столько лет пустует. Земля пустоты не терпит. Коли в свободную землю семечко упадёт, прорастёт обязательно. Мне самой интересно, каких смельчаков ещё в гости ждать? Да и вопрос, кто из нас гость – я или они? Или все мы на Земле нашей гости?>, <Post: Уряяяяя!!!!!
 Письмо пришло!!!!! Письмо пришло!!!!! Письмо пришло!!!!! Письмо пришло!!!!! Письмо пришло!!!!! Письмо пришло!!!!! Письмо пришло!!!!! Письмо пришло!!!!! Письмо пришло!!!!! Письмо пришло!!!!! Письмо пришло!!!!! Письмо пришло!!!!! Письмо пришло!!!!! Письмо пришло!!!!! Письмо пришло!!!!! Письмо пришло!!!!! Письмо пришло!!!!! Письмо пришло!!!!!>, <Post: Природа - она такая.
 Природа - она такая.Природа - она такая.Природа - она такая.Природа - она такая.Природа - она такая.Природа - она такая.Природа - она такая.Природа - она такая.Природа - она такая.Природа - она такая.>, <Post: Природа - она такая.
 Природа - она такая.Природа - она такая.Природа - она такая.Природа - она такая.Природа - она такая.Природа - она такая.Природа - она такая.Природа - она такая.Природа - она такая.Природа - она такая.>, <Post: Природа - она такая.
 Природа - она такая.Природа - она такая.Природа - она такая.Природа - она такая.Природа - она такая.Природа - она такая.Природа - она такая.Природа - она такая.Природа - она такая.Природа - она такая.>, <Post: Природа - она такая.
 Природа - она такая.Природа - она такая.Природа - она такая.Природа - она такая.Природа - она такая.Природа - она такая.Природа - она такая.Природа - она такая.Природа - она такая.Природа - она такая.>]>, 'view': <posts.views.PostsList object at 0x000001B83D9AA3C0>, 'timezones': ['Africa/Abidjan', 'Africa/Accra', 'Africa/Addis_Ababa', 'Africa/Algiers', 'Africa/Asmara', 'Africa/Bamako', 'Africa/Bangui', 'Africa/Banjul', 'Africa/Bissau', 'Africa/Blantyre', 'Africa/Brazzaville', 'Africa/Bujumbura', 'Africa/Cairo', 'Africa/Casablanca', 'Africa/Ceuta', 'Africa/Conakry', 'Africa/Dakar', 'Africa/Dar_es_Salaam', 'Africa/Djibouti', 'Africa/Douala', 'Africa/El_Aaiun', 'Africa/Freetown', 'Africa/Gaborone', 'Africa/Harare', 'Africa/Johannesburg', 'Africa/Juba', 'Africa/Kampala', 'Africa/Khartoum', 'Africa/Kigali', 'Africa/Kinshasa', 'Africa/Lagos', 'Africa/Libreville', 'Africa/Lome', 'Africa/Luanda', 'Africa/Lubumbashi', 'Africa/Lusaka', 'Africa/Malabo', 'Africa/Maputo', 'Africa/Maseru', 'Africa/Mbabane', 'Africa/Mogadishu', 'Africa/Monrovia', 'Africa/Nairobi', 'Africa/Ndjamena', 'Africa/Niamey', 'Africa/Nouakchott', 'Africa/Ouagadougou', 'Africa/Porto-Novo', 'Africa/Sao_Tome', 'Africa/Tripoli', 'Africa/Tunis', 'Africa/Windhoek', 'America/Adak', 'America/Anchorage', 'America/Anguilla', 'America/Antigua', 'America/Araguaina', 'America/Argentina/Buenos_Aires', 'America/Argentina/Catamarca', 'America/Argentina/Cordoba', 'America/Argentina/Jujuy', 'America/Argentina/La_Rioja', 'America/Argentina/Mendoza', 'America/Argentina/Rio_Gallegos', 'America/Argentina/Salta', 'America/Argentina/San_Juan', 'America/Argentina/San_Luis', 'America/Argentina/Tucuman', 'America/Argentina/Ushuaia', 'America/Aruba', 'America/Asuncion', 'America/Atikokan', 'America/Bahia', 'America/Bahia_Banderas', 'America/Barbados', 'America/Belem', 'America/Belize', 'America/Blanc-Sablon', 'America/Boa_Vista', 'America/Bogota', 'America/Boise', 'America/Cambridge_Bay', 'America/Campo_Grande', 'America/Cancun', 'America/Caracas', 'America/Cayenne', 'America/Cayman', 'America/Chicago', 'America/Chihuahua', 'America/Ciudad_Juarez', 'America/Costa_Rica', 'America/Coyhaique', 'America/Creston', 'America/Cuiaba', 'America/Curacao', 'America/Danmarkshavn', 'America/Dawson', 'America/Dawson_Creek', 'America/Denver', 'America/Detroit', 'America/Dominica', 'America/Edmonton', 'America/Eirunepe', 'America/El_Salvador', 'America/Fort_Nelson', 'America/Fortaleza', 'America/Glace_Bay', 'America/Goose_Bay', 'America/Grand_Turk', 'America/Grenada', 'America/Guadeloupe', 'America/Guatemala', 'America/Guayaquil', 'America/Guyana', 'America/Halifax', 'America/Havana', 'America/Hermosillo', 'America/Indiana/Indianapolis', 'America/Indiana/Knox', 'America/Indiana/Marengo', 'America/Indiana/Petersburg', 'America/Indiana/Tell_City', 'America/Indiana/Vevay', 'America/Indiana/Vincennes', 'America/Indiana/Winamac', 'America/Inuvik', 'America/Iqaluit', 'America/Jamaica', 'America/Juneau', 'America/Kentucky/Louisville', 'America/Kentucky/Monticello', 'America/Kralendijk', 'America/La_Paz', 'America/Lima', 'America/Los_Angeles', 'America/Lower_Princes', 'America/Maceio', 'America/Managua', 'America/Manaus', 'America/Marigot', 'America/Martinique', 'America/Matamoros', 'America/Mazatlan', 'America/Menominee', 'America/Merida', 'America/Metlakatla', 'America/Mexico_City', 'America/Miquelon', 'America/Moncton', 'America/Monterrey', 'America/Montevideo', 'America/Montserrat', 'America/Nassau', 'America/New_York', 'America/Nome', 'America/Noronha', 'America/North_Dakota/Beulah', 'America/North_Dakota/Center', 'America/North_Dakota/New_Salem', 'America/Nuuk', 'America/Ojinaga', 'America/Panama', 'America/Paramaribo', 'America/Phoenix', 'America/Port-au-Prince', 'America/Port_of_Spain', 'America/Porto_Velho', 'America/Puerto_Rico', 'America/Punta_Arenas', 'America/Rankin_Inlet', 'America/Recife', 'America/Regina', 'America/Resolute', 'America/Rio_Branco', 'America/Santarem', 'America/Santiago', 'America/Santo_Domingo', 'America/Sao_Paulo', 'America/Scoresbysund', 'America/Sitka', 'America/St_Barthelemy', 'America/St_Johns', 'America/St_Kitts', 'America/St_Lucia', 'America/St_Thomas', 'America/St_Vincent', 'America/Swift_Current', 'America/Tegucigalpa', 'America/Thule', 'America/Tijuana', 'America/Toronto', 'America/Tortola', 'America/Vancouver', 'America/Whitehorse', 'America/Winnipeg', 'America/Yakutat', 'Antarctica/Casey', 'Antarctica/Davis', 'Antarctica/DumontDUrville', 'Antarctica/Macquarie', 'Antarctica/Mawson', 'Antarctica/McMurdo', 'Antarctica/Palmer', 'Antarctica/Rothera', 'Antarctica/Syowa', 'Antarctica/Troll', 'Antarctica/Vostok', 'Arctic/Longyearbyen', 'Asia/Aden', 'Asia/Almaty', 'Asia/Amman', 'Asia/Anadyr', 'Asia/Aqtau', 'Asia/Aqtobe', 'Asia/Ashgabat', 'Asia/Atyrau', 'Asia/Baghdad', 'Asia/Bahrain', 'Asia/Baku', 'Asia/Bangkok', 'Asia/Barnaul', 'Asia/Beirut', 'Asia/Bishkek', 'Asia/Brunei', 'Asia/Chita', 'Asia/Colombo', 'Asia/Damascus', 'Asia/Dhaka', 'Asia/Dili', 'Asia/Dubai', 'Asia/Dushanbe', 'Asia/Famagusta', 'Asia/Gaza', 'Asia/Hebron', 'Asia/Ho_Chi_Minh', 'Asia/Hong_Kong', 'Asia/Hovd', 'Asia/Irkutsk', 'Asia/Jakarta', 'Asia/Jayapura', 'Asia/Jerusalem', 'Asia/Kabul', 'Asia/Kamchatka', 'Asia/Karachi', 'Asia/Kathmandu', 'Asia/Khandyga', 'Asia/Kolkata', 'Asia/Krasnoyarsk', 'Asia/Kuala_Lumpur', 'Asia/Kuching', 'Asia/Kuwait', 'Asia/Macau', 'Asia/Magadan', 'Asia/Makassar', 'Asia/Manila', 'Asia/Muscat', 'Asia/Nicosia', 'Asia/Novokuznetsk', 'Asia/Novosibirsk', 'Asia/Omsk', 'Asia/Oral', 'Asia/Phnom_Penh', 'Asia/Pontianak', 'Asia/Pyongyang', 'Asia/Qatar', 'Asia/Qostanay', 'Asia/Qyzylorda', 'Asia/Riyadh', 'Asia/Sakhalin', 'Asia/Samarkand', 'Asia/Seoul', 'Asia/Shanghai', 'Asia/Singapore', 'Asia/Srednekolymsk', 'Asia/Taipei', 'Asia/Tashkent', 'Asia/Tbilisi', 'Asia/Tehran', 'Asia/Thimphu', 'Asia/Tokyo', 'Asia/Tomsk', 'Asia/Ulaanbaatar', 'Asia/Urumqi', 'Asia/Ust-Nera', 'Asia/Vientiane', 'Asia/Vladivostok', 'Asia/Yakutsk', 'Asia/Yangon', 'Asia/Yekaterinburg', 'Asia/Yerevan', 'Atlantic/Azores', 'Atlantic/Bermuda', 'Atlantic/Canary', 'Atlantic/Cape_Verde', 'Atlantic/Faroe', 'Atlantic/Madeira', 'Atlantic/Reykjavik', 'Atlantic/South_Georgia', 'Atlantic/St_Helena', 'Atlantic/Stanley', 'Australia/Adelaide', 'Australia/Brisbane', 'Australia/Broken_Hill', 'Australia/Darwin', 'Australia/Eucla', 'Australia/Hobart', 'Australia/Lindeman', 'Australia/Lord_Howe', 'Australia/Melbourne', 'Australia/Perth', 'Australia/Sydney', 'Canada/Atlantic', 'Canada/Central', 'Canada/Eastern', 'Canada/Mountain', 'Canada/Newfoundland', 'Canada/Pacific', 'Europe/Amsterdam', 'Europe/Andorra', 'Europe/Astrakhan', 'Europe/Athens', 'Europe/Belgrade', 'Europe/Berlin', 'Europe/Bratislava', 'Europe/Brussels', 'Europe/Bucharest', 'Europe/Budapest', 'Europe/Busingen', 'Europe/Chisinau', 'Europe/Copenhagen', 'Europe/Dublin', 'Europe/Gibraltar', 'Europe/Guernsey', 'Europe/Helsinki', 'Europe/Isle_of_Man', 'Europe/Istanbul', 'Europe/Jersey', 'Europe/Kaliningrad', 'Europe/Kirov', 'Europe/Kyiv', 'Europe/Lisbon', 'Europe/Ljubljana', 'Europe/London', 'Europe/Luxembourg', 'Europe/Madrid', 'Europe/Malta', 'Europe/Mariehamn', 'Europe/Minsk', 'Europe/Monaco', 'Europe/Moscow', 'Europe/Oslo', 'Europe/Paris', 'Europe/Podgorica', 'Europe/Prague', 'Europe/Riga', 'Europe/Rome', 'Europe/Samara', 'Europe/San_Marino', 'Europe/Sarajevo', 'Europe/Saratov', 'Europe/Simferopol', 'Europe/Skopje', 'Europe/Sofia', 'Europe/Stockholm', 'Europe/Tallinn', 'Europe/Tirane', 'Europe/Ulyanovsk', 'Europe/Vaduz', 'Europe/Vatican', 'Europe/Vienna', 'Europe/Vilnius', 'Europe/Volgograd', 'Europe/Warsaw', 'Europe/Zagreb', 'Europe/Zurich', 'GMT', 'Indian/Antananarivo', 'Indian/Chagos', 'Indian/Christmas', 'Indian/Cocos', 'Indian/Comoro', 'Indian/Kerguelen', 'Indian/Mahe', 'Indian/Maldives', 'Indian/Mauritius', 'Indian/Mayotte', 'Indian/Reunion', 'Pacific/Apia', 'Pacific/Auckland', 'Pacific/Bougainville', 'Pacific/Chatham', 'Pacific/Chuuk', 'Pacific/Easter', 'Pacific/Efate', 'Pacific/Fakaofo', 'Pacific/Fiji', 'Pacific/Funafuti', 'Pacific/Galapagos', 'Pacific/Gambier', 'Pacific/Guadalcanal', 'Pacific/Guam', 'Pacific/Honolulu', 'Pacific/Kanton', 'Pacific/Kiritimati', 'Pacific/Kosrae', 'Pacific/Kwajalein', 'Pacific/Majuro', 'Pacific/Marquesas', 'Pacific/Midway', 'Pacific/Nauru', 'Pacific/Niue', 'Pacific/Norfolk', 'Pacific/Noumea', 'Pacific/Pago_Pago', 'Pacific/Palau', 'Pacific/Pitcairn', 'Pacific/Pohnpei', 'Pacific/Port_Moresby', 'Pacific/Rarotonga', 'Pacific/Saipan', 'Pacific/Tahiti', 'Pacific/Tarawa', 'Pacific/Tongatapu', 'Pacific/Wake', 'Pacific/Wallis', 'US/Alaska', 'US/Arizona', 'US/Central', 'US/Eastern', 'US/Hawaii', 'US/Mountain', 'US/Pacific', 'UTC']}]
2025-05-20 16:25:02,258 ERROR "GET /news/ HTTP/1.1" 500 407594 %(pathname)s None
2025-05-20 16:45:11,998 ERROR Internal Server Error: /news/ %(pathname)s (<class 'ValueError'>, ValueError("The view posts.views.view didn't return an HttpResponse object. It returned None instead."), <traceback object at 0x0000028A6BC74C40>)
Traceback (most recent call last):
  File "S:\STUDY\PycharmProjects\Django-projects\venv\Lib\site-packages\django\core\handlers\exception.py", line 55, in inner
    response = get_response(request)
  File "S:\STUDY\PycharmProjects\Django-projects\venv\Lib\site-packages\django\core\handlers\base.py", line 204, in _get_response
    self.check_response(response, callback)
    ~~~~~~~~~~~~~~~~~~~^^^^^^^^^^^^^^^^^^^^
  File "S:\STUDY\PycharmProjects\Django-projects\venv\Lib\site-packages\django\core\handlers\base.py", line 332, in check_response
    raise ValueError(
    ...<2 lines>...
    )
ValueError: The view posts.views.view didn't return an HttpResponse object. It returned None instead.
2025-05-20 16:45:12,001 ERROR "POST /news/ HTTP/1.1" 500 72001 %(pathname)s None
2025-05-21 10:55:24,727 ERROR Internal Server Error: /articles/ %(pathname)s (<class 'django.template.exceptions.TemplateSyntaxError'>, TemplateSyntaxError("Invalid block tag on line 64: ''Установить'', expected 'elif', 'else' or 'endif'. Did you forget to register or load this tag?"), <traceback object at 0x000001BCCE3C1900>)
Traceback (most recent call last):
  File "S:\STUDY\PycharmProjects\Django-projects\venv\Lib\site-packages\django\template\base.py", line 510, in parse
    compile_func = self.tags[command]
                   ~~~~~~~~~^^^^^^^^^
KeyError: "'Установить'"

During handling of the above exception, another exception occurred:

Traceback (most recent call last):
  File "S:\STUDY\PycharmProjects\Django-projects\venv\Lib\site-packages\django\core\handlers\exception.py", line 55, in inner
    response = get_response(request)
  File "S:\STUDY\PycharmProjects\Django-projects\venv\Lib\site-packages\django\core\handlers\base.py", line 220, in _get_response
    response = response.render()
  File "S:\STUDY\PycharmProjects\Django-projects\venv\Lib\site-packages\django\template\response.py", line 114, in render
    self.content = self.rendered_content
                   ^^^^^^^^^^^^^^^^^^^^^
  File "S:\STUDY\PycharmProjects\Django-projects\venv\Lib\site-packages\django\template\response.py", line 92, in rendered_content
    return template.render(context, self._request)
           ~~~~~~~~~~~~~~~^^^^^^^^^^^^^^^^^^^^^^^^
  File "S:\STUDY\PycharmProjects\Django-projects\venv\Lib\site-packages\django\template\backends\django.py", line 107, in render
    return self.template.render(context)
           ~~~~~~~~~~~~~~~~~~~~^^^^^^^^^
  File "S:\STUDY\PycharmProjects\Django-projects\venv\Lib\site-packages\django\template\base.py", line 171, in render
    return self._render(context)
           ~~~~~~~~~~~~^^^^^^^^^
  File "S:\STUDY\PycharmProjects\Django-projects\venv\Lib\site-packages\django\template\base.py", line 163, in _render
    return self.nodelist.render(context)
           ~~~~~~~~~~~~~~~~~~~~^^^^^^^^^
  File "S:\STUDY\PycharmProjects\Django-projects\venv\Lib\site-packages\django\template\base.py", line 1008, in render
    return SafeString("".join([node.render_annotated(context) for node in self]))
                               ~~~~~~~~~~~~~~~~~~~~~^^^^^^^^^
  File "S:\STUDY\PycharmProjects\Django-projects\venv\Lib\site-packages\django\template\base.py", line 969, in render_annotated
    return self.render(context)
           ~~~~~~~~~~~^^^^^^^^^
  File "S:\STUDY\PycharmProjects\Django-projects\venv\Lib\site-packages\django\template\loader_tags.py", line 134, in render
    compiled_parent = self.get_parent(context)
  File "S:\STUDY\PycharmProjects\Django-projects\venv\Lib\site-packages\django\template\loader_tags.py", line 131, in get_parent
    return self.find_template(parent, context)
           ~~~~~~~~~~~~~~~~~~^^^^^^^^^^^^^^^^^
  File "S:\STUDY\PycharmProjects\Django-projects\venv\Lib\site-packages\django\template\loader_tags.py", line 109, in find_template
    template, origin = context.template.engine.find_template(
                       ~~~~~~~~~~~~~~~~~~~~~~~~~~~~~~~~~~~~~^
        template_name,
        ^^^^^^^^^^^^^^
        skip=history,
        ^^^^^^^^^^^^^
    )
    ^
  File "S:\STUDY\PycharmProjects\Django-projects\venv\Lib\site-packages\django\template\engine.py", line 159, in find_template
    template = loader.get_template(name, skip=skip)
  File "S:\STUDY\PycharmProjects\Django-projects\venv\Lib\site-packages\django\template\loaders\cached.py", line 57, in get_template
    template = super().get_template(template_name, skip)
  File "S:\STUDY\PycharmProjects\Django-projects\venv\Lib\site-packages\django\template\loaders\base.py", line 28, in get_template
    return Template(
        contents,
    ...<2 lines>...
        self.engine,
    )
  File "S:\STUDY\PycharmProjects\Django-projects\venv\Lib\site-packages\django\template\base.py", line 154, in __init__
    self.nodelist = self.compile_nodelist()
                    ~~~~~~~~~~~~~~~~~~~~~^^
  File "S:\STUDY\PycharmProjects\Django-projects\venv\Lib\site-packages\django\template\base.py", line 196, in compile_nodelist
    nodelist = parser.parse()
  File "S:\STUDY\PycharmProjects\Django-projects\venv\Lib\site-packages\django\template\base.py", line 518, in parse
    raise self.error(token, e)
  File "S:\STUDY\PycharmProjects\Django-projects\venv\Lib\site-packages\django\template\base.py", line 516, in parse
    compiled_result = compile_func(self, token)
  File "S:\STUDY\PycharmProjects\Django-projects\venv\Lib\site-packages\django\template\defaulttags.py", line 962, in do_if
    nodelist = parser.parse(("elif", "else", "endif"))
  File "S:\STUDY\PycharmProjects\Django-projects\venv\Lib\site-packages\django\template\base.py", line 512, in parse
    self.invalid_block_tag(token, command, parse_until)
    ~~~~~~~~~~~~~~~~~~~~~~^^^^^^^^^^^^^^^^^^^^^^^^^^^^^
  File "S:\STUDY\PycharmProjects\Django-projects\venv\Lib\site-packages\django\template\base.py", line 563, in invalid_block_tag
    raise self.error(
    ...<8 lines>...
    )
django.template.exceptions.TemplateSyntaxError: Invalid block tag on line 64: ''Установить'', expected 'elif', 'else' or 'endif'. Did you forget to register or load this tag?
2025-05-21 10:55:24,748 ERROR "GET /articles/ HTTP/1.1" 500 278845 %(pathname)s None
2025-05-21 10:55:25,021 ERROR Internal Server Error: /articles/ %(pathname)s (<class 'django.template.exceptions.TemplateSyntaxError'>, TemplateSyntaxError("Invalid block tag on line 64: ''Установить'', expected 'elif', 'else' or 'endif'. Did you forget to register or load this tag?"), <traceback object at 0x000001BCCE4BD3C0>)
Traceback (most recent call last):
  File "S:\STUDY\PycharmProjects\Django-projects\venv\Lib\site-packages\django\template\base.py", line 510, in parse
    compile_func = self.tags[command]
                   ~~~~~~~~~^^^^^^^^^
KeyError: "'Установить'"

During handling of the above exception, another exception occurred:

Traceback (most recent call last):
  File "S:\STUDY\PycharmProjects\Django-projects\venv\Lib\site-packages\django\core\handlers\exception.py", line 55, in inner
    response = get_response(request)
  File "S:\STUDY\PycharmProjects\Django-projects\venv\Lib\site-packages\django\core\handlers\base.py", line 220, in _get_response
    response = response.render()
  File "S:\STUDY\PycharmProjects\Django-projects\venv\Lib\site-packages\django\template\response.py", line 114, in render
    self.content = self.rendered_content
                   ^^^^^^^^^^^^^^^^^^^^^
  File "S:\STUDY\PycharmProjects\Django-projects\venv\Lib\site-packages\django\template\response.py", line 92, in rendered_content
    return template.render(context, self._request)
           ~~~~~~~~~~~~~~~^^^^^^^^^^^^^^^^^^^^^^^^
  File "S:\STUDY\PycharmProjects\Django-projects\venv\Lib\site-packages\django\template\backends\django.py", line 107, in render
    return self.template.render(context)
           ~~~~~~~~~~~~~~~~~~~~^^^^^^^^^
  File "S:\STUDY\PycharmProjects\Django-projects\venv\Lib\site-packages\django\template\base.py", line 171, in render
    return self._render(context)
           ~~~~~~~~~~~~^^^^^^^^^
  File "S:\STUDY\PycharmProjects\Django-projects\venv\Lib\site-packages\django\template\base.py", line 163, in _render
    return self.nodelist.render(context)
           ~~~~~~~~~~~~~~~~~~~~^^^^^^^^^
  File "S:\STUDY\PycharmProjects\Django-projects\venv\Lib\site-packages\django\template\base.py", line 1008, in render
    return SafeString("".join([node.render_annotated(context) for node in self]))
                               ~~~~~~~~~~~~~~~~~~~~~^^^^^^^^^
  File "S:\STUDY\PycharmProjects\Django-projects\venv\Lib\site-packages\django\template\base.py", line 969, in render_annotated
    return self.render(context)
           ~~~~~~~~~~~^^^^^^^^^
  File "S:\STUDY\PycharmProjects\Django-projects\venv\Lib\site-packages\django\template\loader_tags.py", line 134, in render
    compiled_parent = self.get_parent(context)
  File "S:\STUDY\PycharmProjects\Django-projects\venv\Lib\site-packages\django\template\loader_tags.py", line 131, in get_parent
    return self.find_template(parent, context)
           ~~~~~~~~~~~~~~~~~~^^^^^^^^^^^^^^^^^
  File "S:\STUDY\PycharmProjects\Django-projects\venv\Lib\site-packages\django\template\loader_tags.py", line 109, in find_template
    template, origin = context.template.engine.find_template(
                       ~~~~~~~~~~~~~~~~~~~~~~~~~~~~~~~~~~~~~^
        template_name,
        ^^^^^^^^^^^^^^
        skip=history,
        ^^^^^^^^^^^^^
    )
    ^
  File "S:\STUDY\PycharmProjects\Django-projects\venv\Lib\site-packages\django\template\engine.py", line 159, in find_template
    template = loader.get_template(name, skip=skip)
  File "S:\STUDY\PycharmProjects\Django-projects\venv\Lib\site-packages\django\template\loaders\cached.py", line 57, in get_template
    template = super().get_template(template_name, skip)
  File "S:\STUDY\PycharmProjects\Django-projects\venv\Lib\site-packages\django\template\loaders\base.py", line 28, in get_template
    return Template(
        contents,
    ...<2 lines>...
        self.engine,
    )
  File "S:\STUDY\PycharmProjects\Django-projects\venv\Lib\site-packages\django\template\base.py", line 154, in __init__
    self.nodelist = self.compile_nodelist()
                    ~~~~~~~~~~~~~~~~~~~~~^^
  File "S:\STUDY\PycharmProjects\Django-projects\venv\Lib\site-packages\django\template\base.py", line 196, in compile_nodelist
    nodelist = parser.parse()
  File "S:\STUDY\PycharmProjects\Django-projects\venv\Lib\site-packages\django\template\base.py", line 518, in parse
    raise self.error(token, e)
  File "S:\STUDY\PycharmProjects\Django-projects\venv\Lib\site-packages\django\template\base.py", line 516, in parse
    compiled_result = compile_func(self, token)
  File "S:\STUDY\PycharmProjects\Django-projects\venv\Lib\site-packages\django\template\defaulttags.py", line 962, in do_if
    nodelist = parser.parse(("elif", "else", "endif"))
  File "S:\STUDY\PycharmProjects\Django-projects\venv\Lib\site-packages\django\template\base.py", line 512, in parse
    self.invalid_block_tag(token, command, parse_until)
    ~~~~~~~~~~~~~~~~~~~~~~^^^^^^^^^^^^^^^^^^^^^^^^^^^^^
  File "S:\STUDY\PycharmProjects\Django-projects\venv\Lib\site-packages\django\template\base.py", line 563, in invalid_block_tag
    raise self.error(
    ...<8 lines>...
    )
django.template.exceptions.TemplateSyntaxError: Invalid block tag on line 64: ''Установить'', expected 'elif', 'else' or 'endif'. Did you forget to register or load this tag?
2025-05-21 10:55:25,038 ERROR "GET /articles/ HTTP/1.1" 500 278845 %(pathname)s None
2025-05-21 10:56:04,068 ERROR Internal Server Error: /articles/ %(pathname)s (<class 'django.template.exceptions.TemplateSyntaxError'>, TemplateSyntaxError("Invalid block tag on line 64: ''Установить'', expected 'elif', 'else' or 'endif'. Did you forget to register or load this tag?"), <traceback object at 0x0000026342171680>)
Traceback (most recent call last):
  File "S:\STUDY\PycharmProjects\Django-projects\venv\Lib\site-packages\django\template\base.py", line 510, in parse
    compile_func = self.tags[command]
                   ~~~~~~~~~^^^^^^^^^
KeyError: "'Установить'"

During handling of the above exception, another exception occurred:

Traceback (most recent call last):
  File "S:\STUDY\PycharmProjects\Django-projects\venv\Lib\site-packages\django\core\handlers\exception.py", line 55, in inner
    response = get_response(request)
  File "S:\STUDY\PycharmProjects\Django-projects\venv\Lib\site-packages\django\core\handlers\base.py", line 220, in _get_response
    response = response.render()
  File "S:\STUDY\PycharmProjects\Django-projects\venv\Lib\site-packages\django\template\response.py", line 114, in render
    self.content = self.rendered_content
                   ^^^^^^^^^^^^^^^^^^^^^
  File "S:\STUDY\PycharmProjects\Django-projects\venv\Lib\site-packages\django\template\response.py", line 92, in rendered_content
    return template.render(context, self._request)
           ~~~~~~~~~~~~~~~^^^^^^^^^^^^^^^^^^^^^^^^
  File "S:\STUDY\PycharmProjects\Django-projects\venv\Lib\site-packages\django\template\backends\django.py", line 107, in render
    return self.template.render(context)
           ~~~~~~~~~~~~~~~~~~~~^^^^^^^^^
  File "S:\STUDY\PycharmProjects\Django-projects\venv\Lib\site-packages\django\template\base.py", line 171, in render
    return self._render(context)
           ~~~~~~~~~~~~^^^^^^^^^
  File "S:\STUDY\PycharmProjects\Django-projects\venv\Lib\site-packages\django\template\base.py", line 163, in _render
    return self.nodelist.render(context)
           ~~~~~~~~~~~~~~~~~~~~^^^^^^^^^
  File "S:\STUDY\PycharmProjects\Django-projects\venv\Lib\site-packages\django\template\base.py", line 1008, in render
    return SafeString("".join([node.render_annotated(context) for node in self]))
                               ~~~~~~~~~~~~~~~~~~~~~^^^^^^^^^
  File "S:\STUDY\PycharmProjects\Django-projects\venv\Lib\site-packages\django\template\base.py", line 969, in render_annotated
    return self.render(context)
           ~~~~~~~~~~~^^^^^^^^^
  File "S:\STUDY\PycharmProjects\Django-projects\venv\Lib\site-packages\django\template\loader_tags.py", line 134, in render
    compiled_parent = self.get_parent(context)
  File "S:\STUDY\PycharmProjects\Django-projects\venv\Lib\site-packages\django\template\loader_tags.py", line 131, in get_parent
    return self.find_template(parent, context)
           ~~~~~~~~~~~~~~~~~~^^^^^^^^^^^^^^^^^
  File "S:\STUDY\PycharmProjects\Django-projects\venv\Lib\site-packages\django\template\loader_tags.py", line 109, in find_template
    template, origin = context.template.engine.find_template(
                       ~~~~~~~~~~~~~~~~~~~~~~~~~~~~~~~~~~~~~^
        template_name,
        ^^^^^^^^^^^^^^
        skip=history,
        ^^^^^^^^^^^^^
    )
    ^
  File "S:\STUDY\PycharmProjects\Django-projects\venv\Lib\site-packages\django\template\engine.py", line 159, in find_template
    template = loader.get_template(name, skip=skip)
  File "S:\STUDY\PycharmProjects\Django-projects\venv\Lib\site-packages\django\template\loaders\cached.py", line 57, in get_template
    template = super().get_template(template_name, skip)
  File "S:\STUDY\PycharmProjects\Django-projects\venv\Lib\site-packages\django\template\loaders\base.py", line 28, in get_template
    return Template(
        contents,
    ...<2 lines>...
        self.engine,
    )
  File "S:\STUDY\PycharmProjects\Django-projects\venv\Lib\site-packages\django\template\base.py", line 154, in __init__
    self.nodelist = self.compile_nodelist()
                    ~~~~~~~~~~~~~~~~~~~~~^^
  File "S:\STUDY\PycharmProjects\Django-projects\venv\Lib\site-packages\django\template\base.py", line 196, in compile_nodelist
    nodelist = parser.parse()
  File "S:\STUDY\PycharmProjects\Django-projects\venv\Lib\site-packages\django\template\base.py", line 518, in parse
    raise self.error(token, e)
  File "S:\STUDY\PycharmProjects\Django-projects\venv\Lib\site-packages\django\template\base.py", line 516, in parse
    compiled_result = compile_func(self, token)
  File "S:\STUDY\PycharmProjects\Django-projects\venv\Lib\site-packages\django\template\defaulttags.py", line 962, in do_if
    nodelist = parser.parse(("elif", "else", "endif"))
  File "S:\STUDY\PycharmProjects\Django-projects\venv\Lib\site-packages\django\template\base.py", line 512, in parse
    self.invalid_block_tag(token, command, parse_until)
    ~~~~~~~~~~~~~~~~~~~~~~^^^^^^^^^^^^^^^^^^^^^^^^^^^^^
  File "S:\STUDY\PycharmProjects\Django-projects\venv\Lib\site-packages\django\template\base.py", line 563, in invalid_block_tag
    raise self.error(
    ...<8 lines>...
    )
django.template.exceptions.TemplateSyntaxError: Invalid block tag on line 64: ''Установить'', expected 'elif', 'else' or 'endif'. Did you forget to register or load this tag?
2025-05-21 10:56:04,082 ERROR "GET /articles/ HTTP/1.1" 500 278491 %(pathname)s None
2025-05-21 15:42:03,197 ERROR Internal Server Error: / %(pathname)s (<class 'TypeError'>, TypeError("PostsList.get_context_data() missing 1 required positional argument: 'request'"), <traceback object at 0x000001D45FE5B200>)
Traceback (most recent call last):
  File "S:\STUDY\PycharmProjects\Django-projects\venv\Lib\site-packages\django\core\handlers\exception.py", line 55, in inner
    response = get_response(request)
  File "S:\STUDY\PycharmProjects\Django-projects\venv\Lib\site-packages\django\core\handlers\base.py", line 197, in _get_response
    response = wrapped_callback(request, *callback_args, **callback_kwargs)
  File "S:\STUDY\PycharmProjects\Django-projects\venv\Lib\site-packages\django\views\generic\base.py", line 104, in view
    return self.dispatch(request, *args, **kwargs)
           ~~~~~~~~~~~~~^^^^^^^^^^^^^^^^^^^^^^^^^^
  File "S:\STUDY\PycharmProjects\Django-projects\venv\Lib\site-packages\django\views\generic\base.py", line 143, in dispatch
    return handler(request, *args, **kwargs)
  File "S:\STUDY\PycharmProjects\Django-projects\venv\Lib\site-packages\django\views\generic\list.py", line 174, in get
    context = self.get_context_data()
TypeError: PostsList.get_context_data() missing 1 required positional argument: 'request'
2025-05-21 15:42:03,201 ERROR "GET / HTTP/1.1" 500 80167 %(pathname)s None
2025-05-21 17:00:55,288 ERROR Internal Server Error: / %(pathname)s (<class 'TypeError'>, TypeError('now() takes 0 positional arguments but 1 was given'), <traceback object at 0x0000016BE73E1F00>)
Traceback (most recent call last):
  File "S:\STUDY\PycharmProjects\Django-projects\venv\Lib\site-packages\django\core\handlers\exception.py", line 55, in inner
    response = get_response(request)
  File "S:\STUDY\PycharmProjects\Django-projects\venv\Lib\site-packages\django\core\handlers\base.py", line 197, in _get_response
    response = wrapped_callback(request, *callback_args, **callback_kwargs)
  File "S:\STUDY\PycharmProjects\Django-projects\venv\Lib\site-packages\django\views\generic\base.py", line 104, in view
    return self.dispatch(request, *args, **kwargs)
           ~~~~~~~~~~~~~^^^^^^^^^^^^^^^^^^^^^^^^^^
  File "S:\STUDY\PycharmProjects\Django-projects\venv\Lib\site-packages\django\views\generic\base.py", line 143, in dispatch
    return handler(request, *args, **kwargs)
  File "S:\STUDY\PycharmProjects\Django-projects\venv\Lib\site-packages\django\views\generic\list.py", line 174, in get
    context = self.get_context_data()
  File "S:\STUDY\PycharmProjects\Django-projects\NewsPaper\posts\views.py", line 39, in get_context_data
    print(timezone.now(tz))
          ~~~~~~~~~~~~^^^^
TypeError: now() takes 0 positional arguments but 1 was given
2025-05-21 17:00:55,293 ERROR "GET / HTTP/1.1" 500 90044 %(pathname)s None
2025-05-22 12:10:01,435 ERROR Internal Server Error: /articles/time_zone/ %(pathname)s (<class 'TypeError'>, TypeError("'dict' object is not callable"), <traceback object at 0x0000028304E7ABC0>)
Traceback (most recent call last):
  File "S:\STUDY\PycharmProjects\Django-projects\venv\Lib\site-packages\django\core\handlers\exception.py", line 55, in inner
    response = get_response(request)
  File "S:\STUDY\PycharmProjects\Django-projects\venv\Lib\site-packages\django\core\handlers\base.py", line 197, in _get_response
    response = wrapped_callback(request, *callback_args, **callback_kwargs)
  File "S:\STUDY\PycharmProjects\Django-projects\venv\Lib\site-packages\django\views\generic\base.py", line 104, in view
    return self.dispatch(request, *args, **kwargs)
           ~~~~~~~~~~~~~^^^^^^^^^^^^^^^^^^^^^^^^^^
  File "S:\STUDY\PycharmProjects\Django-projects\venv\Lib\site-packages\django\views\generic\base.py", line 143, in dispatch
    return handler(request, *args, **kwargs)
  File "S:\STUDY\PycharmProjects\Django-projects\NewsPaper\posts\views.py", line 153, in post
    return redirect(request.META('HTTP_REFERER'))
                    ~~~~~~~~~~~~^^^^^^^^^^^^^^^^
TypeError: 'dict' object is not callable
2025-05-22 12:10:01,438 ERROR "POST /articles/time_zone/ HTTP/1.1" 500 79815 %(pathname)s None
2025-05-26 12:44:36,403 ERROR Internal Server Error: /swagger-ui/ %(pathname)s (<class 'django.template.exceptions.TemplateDoesNotExist'>, TemplateDoesNotExist('swagger-ui.html'), <traceback object at 0x000001F8B4D7DD40>)
Traceback (most recent call last):
  File "S:\STUDY\PycharmProjects\Django-projects\venv\Lib\site-packages\django\core\handlers\exception.py", line 55, in inner
    response = get_response(request)
  File "S:\STUDY\PycharmProjects\Django-projects\venv\Lib\site-packages\django\core\handlers\base.py", line 220, in _get_response
    response = response.render()
  File "S:\STUDY\PycharmProjects\Django-projects\venv\Lib\site-packages\django\template\response.py", line 114, in render
    self.content = self.rendered_content
                   ^^^^^^^^^^^^^^^^^^^^^
  File "S:\STUDY\PycharmProjects\Django-projects\venv\Lib\site-packages\django\template\response.py", line 90, in rendered_content
    template = self.resolve_template(self.template_name)
  File "S:\STUDY\PycharmProjects\Django-projects\venv\Lib\site-packages\django\template\response.py", line 72, in resolve_template
    return select_template(template, using=self.using)
  File "S:\STUDY\PycharmProjects\Django-projects\venv\Lib\site-packages\django\template\loader.py", line 47, in select_template
    raise TemplateDoesNotExist(", ".join(template_name_list), chain=chain)
django.template.exceptions.TemplateDoesNotExist: swagger-ui.html
2025-05-26 12:44:36,413 ERROR "GET /swagger-ui/ HTTP/1.1" 500 85449 %(pathname)s None
